<?xml version="1.0" encoding="UTF-8"?>
<!-- Generated by org.testng.reporters.JUnitXMLReporter -->
<testsuite hostname="DESKTOP-0P0OHU9" ignored="0" name="Free CRM App Test Cases" tests="7" failures="0" timestamp="28 Jan 2021 13:50:08 GMT" time="0.079" errors="0">
  <testcase name="@BeforeMethod setUP" time="0.005" classname="com.cookandchef.qa.testcases.LoginPageTest">
    <failure type="java.lang.NullPointerException">
      <![CDATA[java.lang.NullPointerException
at com.cookandchef.qa.base.TestBase.initialization(TestBase.java:43)
at com.cookandchef.qa.testcases.LoginPageTest.setUP(LoginPageTest.java:22)
... Removed 28 stack frames]]>
    </failure>
  </testcase> <!-- @BeforeMethod setUP -->
  <testcase name="@AfterMethod tearDown" time="0.0" classname="com.cookandchef.qa.testcases.LoginPageTest">
    <skipped/>
  </testcase> <!-- @AfterMethod tearDown -->
  <testcase name="@BeforeMethod setUP" time="0.0" classname="com.cookandchef.qa.testcases.HomePageTest">
    <failure type="java.lang.NullPointerException">
      <![CDATA[java.lang.NullPointerException
at com.cookandchef.qa.base.TestBase.initialization(TestBase.java:43)
at com.cookandchef.qa.testcases.HomePageTest.setUP(HomePageTest.java:31)
... Removed 28 stack frames]]>
    </failure>
  </testcase> <!-- @BeforeMethod setUP -->
  <testcase name="@AfterMethod tearDown" time="0.0" classname="com.cookandchef.qa.testcases.HomePageTest">
    <skipped/>
  </testcase> <!-- @AfterMethod tearDown -->
  <testcase name="@BeforeMethod setUP" time="0.0" classname="com.cookandchef.qa.testcases.ContactUsPageTest">
    <failure type="java.lang.NullPointerException">
      <![CDATA[java.lang.NullPointerException
at com.cookandchef.qa.base.TestBase.initialization(TestBase.java:43)
at com.cookandchef.qa.testcases.ContactUsPageTest.setUP(ContactUsPageTest.java:32)
... Removed 28 stack frames]]>
    </failure>
  </testcase> <!-- @BeforeMethod setUP -->
  <testcase name="@AfterMethod tearDown" time="0.0" classname="com.cookandchef.qa.testcases.ContactUsPageTest">
    <skipped/>
  </testcase> <!-- @AfterMethod tearDown -->
  <testcase name="@BeforeMethod setUP" time="0.0" classname="com.cookandchef.qa.testcases.LoginPageTest">
    <skipped/>
  </testcase> <!-- @BeforeMethod setUP -->
  <testcase name="@AfterMethod tearDown" time="0.0" classname="com.cookandchef.qa.testcases.LoginPageTest">
    <skipped/>
  </testcase> <!-- @AfterMethod tearDown -->
  <testcase name="@BeforeMethod setUP" time="0.0" classname="com.cookandchef.qa.testcases.HomePageTest">
    <skipped/>
  </testcase> <!-- @BeforeMethod setUP -->
  <testcase name="@AfterMethod tearDown" time="0.0" classname="com.cookandchef.qa.testcases.HomePageTest">
    <skipped/>
  </testcase> <!-- @AfterMethod tearDown -->
  <testcase name="@BeforeMethod setUP" time="0.0" classname="com.cookandchef.qa.testcases.LoginPageTest">
    <skipped/>
  </testcase> <!-- @BeforeMethod setUP -->
  <testcase name="@AfterMethod tearDown" time="0.0" classname="com.cookandchef.qa.testcases.LoginPageTest">
    <skipped/>
  </testcase> <!-- @AfterMethod tearDown -->
  <testcase name="@BeforeMethod setUP" time="0.0" classname="com.cookandchef.qa.testcases.HomePageTest">
    <skipped/>
  </testcase> <!-- @BeforeMethod setUP -->
  <testcase name="@AfterMethod tearDown" time="0.0" classname="com.cookandchef.qa.testcases.HomePageTest">
    <skipped/>
  </testcase> <!-- @AfterMethod tearDown -->
  <testcase name="loginPageTitleTest" time="0.0" classname="com.cookandchef.qa.testcases.LoginPageTest">
    <skipped/>
  </testcase> <!-- loginPageTitleTest -->
  <testcase name="homePageTitleTest" time="0.0" classname="com.cookandchef.qa.testcases.HomePageTest">
    <skipped/>
  </testcase> <!-- homePageTitleTest -->
  <testcase name="verifyContactUsPageUrl" time="0.0" classname="com.cookandchef.qa.testcases.ContactUsPageTest">
    <skipped/>
  </testcase> <!-- verifyContactUsPageUrl -->
  <testcase name="cookAndChefLogoTest" time="0.0" classname="com.cookandchef.qa.testcases.LoginPageTest">
    <skipped/>
  </testcase> <!-- cookAndChefLogoTest -->
  <testcase name="aboutPageTest" time="0.0" classname="com.cookandchef.qa.testcases.HomePageTest">
    <skipped/>
  </testcase> <!-- aboutPageTest -->
  <testcase name="loginFunctionalityTest" time="0.0" classname="com.cookandchef.qa.testcases.LoginPageTest">
    <skipped/>
  </testcase> <!-- loginFunctionalityTest -->
  <testcase name="clickOnContactLinksTest" time="0.0" classname="com.cookandchef.qa.testcases.HomePageTest">
    <skipped/>
  </testcase> <!-- clickOnContactLinksTest -->
</testsuite> <!-- Free CRM App Test Cases -->
